<?xml version="1.0" encoding="UTF-8"?>
<testng-results ignored="0" total="1" passed="1" failed="0" skipped="0">
  <reporter-output>
  </reporter-output>
  <suite started-at="2024-09-21T12:33:10 EDT" name="Default suite" finished-at="2024-09-21T12:33:12 EDT" duration-ms="2479">
    <groups>
    </groups>
    <test started-at="2024-09-21T12:33:10 EDT" name="Default test" finished-at="2024-09-21T12:33:12 EDT" duration-ms="2479">
      <class name="restassured.Example1">
        <test-method signature="test1()[pri:0, instance:restassured.Example1@17fc391b]" started-at="2024-09-21T12:33:10 EDT" name="test1" finished-at="2024-09-21T12:33:12 EDT" duration-ms="2378" status="PASS">
          <reporter-output>
          </reporter-output>
        </test-method> <!-- test1 -->
      </class> <!-- restassured.Example1 -->
    </test> <!-- Default test -->
  </suite> <!-- Default suite -->
</testng-results>
