<?xml version="1.0" encoding="UTF-8"?>
<testng-results ignored="0" total="3" passed="3" failed="0" skipped="0">
  <reporter-output>
  </reporter-output>
  <suite started-at="2024-09-22T22:11:13 EDT" name="Default suite" finished-at="2024-09-22T22:11:18 EDT" duration-ms="4807">
    <groups>
    </groups>
    <test started-at="2024-09-22T22:11:13 EDT" name="Default test" finished-at="2024-09-22T22:11:18 EDT" duration-ms="4807">
      <class name="restassured.Put_Patch_Delete_Examples">
        <test-method signature="testDelete()[pri:0, instance:restassured.Put_Patch_Delete_Examples@792b749c]" started-at="2024-09-22T22:11:13 EDT" name="testDelete" finished-at="2024-09-22T22:11:16 EDT" duration-ms="2658" status="PASS">
          <reporter-output>
          </reporter-output>
        </test-method> <!-- testDelete -->
        <test-method signature="testPatch()[pri:0, instance:restassured.Put_Patch_Delete_Examples@792b749c]" started-at="2024-09-22T22:11:16 EDT" name="testPatch" finished-at="2024-09-22T22:11:17 EDT" duration-ms="1521" status="PASS">
          <reporter-output>
          </reporter-output>
        </test-method> <!-- testPatch -->
        <test-method signature="testPut()[pri:0, instance:restassured.Put_Patch_Delete_Examples@792b749c]" started-at="2024-09-22T22:11:18 EDT" name="testPut" finished-at="2024-09-22T22:11:18 EDT" duration-ms="546" status="PASS">
          <reporter-output>
          </reporter-output>
        </test-method> <!-- testPut -->
      </class> <!-- restassured.Put_Patch_Delete_Examples -->
    </test> <!-- Default test -->
  </suite> <!-- Default suite -->
</testng-results>
