<?xml version="1.0" encoding="UTF-8"?>
<testng-results ignored="0" total="2" passed="2" failed="0" skipped="0">
  <reporter-output>
  </reporter-output>
  <suite started-at="2024-09-12T22:22:05 EDT" name="Default suite" finished-at="2024-09-12T22:22:05 EDT" duration-ms="452">
    <groups>
    </groups>
    <test started-at="2024-09-12T22:22:05 EDT" name="Default test" finished-at="2024-09-12T22:22:05 EDT" duration-ms="452">
      <class name="database.Study_Tour">
        <test-method signature="testNiagaraFalls()[pri:1, instance:database.Study_Tour@1e04fa0a]" started-at="2024-09-12T22:22:05 EDT" name="testNiagaraFalls" finished-at="2024-09-12T22:22:05 EDT" duration-ms="381" status="PASS">
          <reporter-output>
          </reporter-output>
        </test-method> <!-- testNiagaraFalls -->
        <test-method signature="testMountWashington()[pri:2, instance:database.Study_Tour@1e04fa0a]" started-at="2024-09-12T22:22:05 EDT" name="testMountWashington" finished-at="2024-09-12T22:22:05 EDT" duration-ms="23" status="PASS">
          <reporter-output>
          </reporter-output>
        </test-method> <!-- testMountWashington -->
      </class> <!-- database.Study_Tour -->
    </test> <!-- Default test -->
  </suite> <!-- Default suite -->
</testng-results>
