<?xml version="1.0" encoding="UTF-8"?>
<testng-results ignored="0" total="1" passed="1" failed="0" skipped="0">
  <reporter-output>
  </reporter-output>
  <suite started-at="2024-09-11T00:42:21 EDT" name="Default suite" finished-at="2024-09-11T00:42:21 EDT" duration-ms="348">
    <groups>
    </groups>
    <test started-at="2024-09-11T00:42:21 EDT" name="Default test" finished-at="2024-09-11T00:42:21 EDT" duration-ms="348">
      <class name="database.Students">
        <test-method signature="testDB()[pri:0, instance:database.Students@66d3eec0]" started-at="2024-09-11T00:42:21 EDT" name="testDB" finished-at="2024-09-11T00:42:21 EDT" duration-ms="318" status="PASS">
          <reporter-output>
          </reporter-output>
        </test-method> <!-- testDB -->
      </class> <!-- database.Students -->
    </test> <!-- Default test -->
  </suite> <!-- Default suite -->
</testng-results>
