<?xml version="1.0" encoding="UTF-8"?>
<testng-results ignored="0" total="1" passed="1" failed="0" skipped="0">
  <reporter-output>
  </reporter-output>
  <suite started-at="2024-06-27T00:26:53 EDT" name="Suite1" finished-at="2024-06-27T00:27:16 EDT" duration-ms="23431">
    <groups>
    </groups>
    <test started-at="2024-06-27T00:26:53 EDT" name="Test1" finished-at="2024-06-27T00:27:16 EDT" duration-ms="23431">
      <class name="nopCommerceTest.RegisterLoginTest">
        <test-method is-config="true" signature="setUp()[pri:0, instance:nopCommerceTest.RegisterLoginTest@451001e5]" started-at="2024-06-27T00:26:53 EDT" name="setUp" finished-at="2024-06-27T00:27:01 EDT" duration-ms="7946" status="PASS">
          <reporter-output>
          </reporter-output>
        </test-method> <!-- setUp -->
        <test-method signature="testRegisterAndLogin()[pri:0, instance:nopCommerceTest.RegisterLoginTest@451001e5]" started-at="2024-06-27T00:27:01 EDT" name="testRegisterAndLogin" finished-at="2024-06-27T00:27:16 EDT" duration-ms="15313" status="PASS">
          <reporter-output>
          </reporter-output>
        </test-method> <!-- testRegisterAndLogin -->
        <test-method is-config="true" signature="tearDown()[pri:0, instance:nopCommerceTest.RegisterLoginTest@451001e5]" started-at="2024-06-27T00:27:16 EDT" name="tearDown" finished-at="2024-06-27T00:27:16 EDT" duration-ms="110" status="PASS">
          <reporter-output>
          </reporter-output>
        </test-method> <!-- tearDown -->
      </class> <!-- nopCommerceTest.RegisterLoginTest -->
    </test> <!-- Test1 -->
  </suite> <!-- Suite1 -->
</testng-results>
