<?xml version="1.0" encoding="UTF-8"?>
<testng-results ignored="0" total="1" passed="0" failed="1" skipped="0">
  <reporter-output>
  </reporter-output>
  <suite started-at="2024-06-28T23:44:22 EDT" name="Default suite" finished-at="2024-06-28T23:44:47 EDT" duration-ms="25451">
    <groups>
    </groups>
    <test started-at="2024-06-28T23:44:22 EDT" name="Default test" finished-at="2024-06-28T23:44:47 EDT" duration-ms="25451">
      <class name="test.ScreenShotRegisterLoginTest">
        <test-method is-config="true" signature="setUp()[pri:0, instance:test.ScreenShotRegisterLoginTest@5b247367]" started-at="2024-06-28T23:44:22 EDT" name="setUp" finished-at="2024-06-28T23:44:31 EDT" duration-ms="8588" status="PASS">
          <reporter-output>
          </reporter-output>
        </test-method> <!-- setUp -->
        <test-method signature="testRegisterAndLogin()[pri:0, instance:test.ScreenShotRegisterLoginTest@5b247367]" started-at="2024-06-28T23:44:31 EDT" name="testRegisterAndLogin" finished-at="2024-06-28T23:44:47 EDT" duration-ms="16679" status="FAIL">
          <exception class="java.lang.IllegalArgumentException">
            <message>
              <![CDATA[Parameter 'destFile' is not a file: /Users/mdhossain/git/JavaHomeWork/TestNgPageObjectModelFrameWork/target]]>
            </message>
            <full-stacktrace>
              <![CDATA[java.lang.IllegalArgumentException: Parameter 'destFile' is not a file: /Users/mdhossain/git/JavaHomeWork/TestNgPageObjectModelFrameWork/target
at org.apache.commons.io.FileUtils.checkFileExists(FileUtils.java:298)
at org.apache.commons.io.FileUtils.copyFile(FileUtils.java:854)
at org.apache.commons.io.FileUtils.copyFile(FileUtils.java:886)
at org.apache.commons.io.FileUtils.copyFile(FileUtils.java:785)
at utils.ScreenshotUtil.takeScreenshot(ScreenshotUtil.java:30)
at test.ScreenShotRegisterLoginTest.testRegisterAndLogin(ScreenShotRegisterLoginTest.java:53)
at java.base/jdk.internal.reflect.NativeMethodAccessorImpl.invoke0(Native Method)
at java.base/jdk.internal.reflect.NativeMethodAccessorImpl.invoke(NativeMethodAccessorImpl.java:77)
at java.base/jdk.internal.reflect.DelegatingMethodAccessorImpl.invoke(DelegatingMethodAccessorImpl.java:43)
at java.base/java.lang.reflect.Method.invoke(Method.java:568)
at org.testng.internal.invokers.MethodInvocationHelper.invokeMethod(MethodInvocationHelper.java:141)
at org.testng.internal.invokers.TestInvoker.invokeMethod(TestInvoker.java:686)
at org.testng.internal.invokers.TestInvoker.invokeTestMethod(TestInvoker.java:230)
at org.testng.internal.invokers.MethodRunner.runInSequence(MethodRunner.java:63)
at org.testng.internal.invokers.TestInvoker$MethodInvocationAgent.invoke(TestInvoker.java:992)
at org.testng.internal.invokers.TestInvoker.invokeTestMethods(TestInvoker.java:203)
at org.testng.internal.invokers.TestMethodWorker.invokeTestMethods(TestMethodWorker.java:154)
at org.testng.internal.invokers.TestMethodWorker.run(TestMethodWorker.java:134)
at java.base/java.util.ArrayList.forEach(ArrayList.java:1511)
at org.testng.TestRunner.privateRun(TestRunner.java:739)
at org.testng.TestRunner.run(TestRunner.java:614)
at org.testng.SuiteRunner.runTest(SuiteRunner.java:421)
at org.testng.SuiteRunner.runSequentially(SuiteRunner.java:413)
at org.testng.SuiteRunner.privateRun(SuiteRunner.java:373)
at org.testng.SuiteRunner.run(SuiteRunner.java:312)
at org.testng.SuiteRunnerWorker.runSuite(SuiteRunnerWorker.java:52)
at org.testng.SuiteRunnerWorker.run(SuiteRunnerWorker.java:95)
at org.testng.TestNG.runSuitesSequentially(TestNG.java:1274)
at org.testng.TestNG.runSuitesLocally(TestNG.java:1208)
at org.testng.TestNG.runSuites(TestNG.java:1112)
at org.testng.TestNG.run(TestNG.java:1079)
at org.testng.remote.AbstractRemoteTestNG.run(AbstractRemoteTestNG.java:115)
at org.testng.remote.RemoteTestNG.initAndRun(RemoteTestNG.java:293)
at org.testng.remote.RemoteTestNG.main(RemoteTestNG.java:91)
]]>
            </full-stacktrace>
          </exception> <!-- java.lang.IllegalArgumentException -->
          <reporter-output>
          </reporter-output>
        </test-method> <!-- testRegisterAndLogin -->
        <test-method is-config="true" signature="tearDown()[pri:0, instance:test.ScreenShotRegisterLoginTest@5b247367]" started-at="2024-06-28T23:44:47 EDT" name="tearDown" finished-at="2024-06-28T23:44:47 EDT" duration-ms="123" status="PASS">
          <reporter-output>
          </reporter-output>
        </test-method> <!-- tearDown -->
      </class> <!-- test.ScreenShotRegisterLoginTest -->
    </test> <!-- Default test -->
  </suite> <!-- Default suite -->
</testng-results>
