<?xml version="1.0" encoding="UTF-8"?>
<testng-results ignored="0" total="0" passed="0" failed="0" skipped="0">
  <reporter-output>
  </reporter-output>
  <suite started-at="2024-07-03T23:25:18 EDT" name="Suite1" finished-at="2024-07-03T23:25:18 EDT" duration-ms="10">
    <groups>
    </groups>
    <test started-at="2024-07-03T23:25:18 EDT" name="Cucumber With Testng " finished-at="2024-07-03T23:25:18 EDT" duration-ms="10">
    </test> <!-- Cucumber With Testng  -->
  </suite> <!-- Suite1 -->
</testng-results>
