<?xml version="1.0" encoding="UTF-8"?>
<testng-results ignored="0" total="1" passed="1" failed="0" skipped="0">
  <reporter-output>
  </reporter-output>
  <suite started-at="2024-07-14T22:27:56 EDT" name="Default suite" finished-at="2024-07-14T22:27:58 EDT" duration-ms="2203">
    <groups>
    </groups>
    <test started-at="2024-07-14T22:27:56 EDT" name="Default test" finished-at="2024-07-14T22:27:58 EDT" duration-ms="2203">
      <class name="restassured.Example1">
        <test-method signature="test1()[pri:0, instance:restassured.Example1@550dbc7a]" started-at="2024-07-14T22:27:56 EDT" name="test1" finished-at="2024-07-14T22:27:58 EDT" duration-ms="2175" status="PASS">
          <reporter-output>
          </reporter-output>
        </test-method> <!-- test1 -->
      </class> <!-- restassured.Example1 -->
    </test> <!-- Default test -->
  </suite> <!-- Default suite -->
</testng-results>
