<?xml version="1.0" encoding="UTF-8"?>
<testng-results ignored="0" total="1" passed="1" failed="0" skipped="0">
  <reporter-output>
  </reporter-output>
  <suite started-at="2024-08-14T22:40:06 EDT" name="Default suite" finished-at="2024-08-14T22:40:09 EDT" duration-ms="3393">
    <groups>
    </groups>
    <test started-at="2024-08-14T22:40:06 EDT" name="Default test" finished-at="2024-08-14T22:40:09 EDT" duration-ms="3393">
      <class name="restassured.Example1">
        <test-method signature="test1()[pri:0, instance:restassured.Example1@7b36aa0c]" started-at="2024-08-14T22:40:06 EDT" name="test1" finished-at="2024-08-14T22:40:09 EDT" duration-ms="3352" status="PASS">
          <reporter-output>
          </reporter-output>
        </test-method> <!-- test1 -->
      </class> <!-- restassured.Example1 -->
    </test> <!-- Default test -->
  </suite> <!-- Default suite -->
</testng-results>
