<?xml version="1.0" encoding="UTF-8"?>
<!-- Generated by org.testng.reporters.JUnitXMLReporter -->
<testsuite ignored="0" hostname="Mds-MacBook-Pro.local" failures="0" tests="3" name="Default test" time="0.065" errors="0" timestamp="2024-06-02T01:14:39 EDT">
  <testcase classname="testngbasics.Dependents" name="mymethodone" time="0.009"/>
  <testcase classname="testngbasics.Dependents" name="mymethodtwo" time="0.003"/>
  <testcase classname="testngbasics.Dependents" name="mymethodthree" time="0.002"/>
</testsuite> <!-- Default test -->
