<?xml version="1.0" encoding="UTF-8"?>
<!-- Generated by org.testng.reporters.JUnitXMLReporter -->
<testsuite ignored="0" hostname="Mds-MacBook-Pro.local" failures="0" tests="3" name="Default test" time="4.618" errors="0" timestamp="2024-09-22T22:58:37 EDT">
  <testcase classname="restassured.Put_Patch_Delete_Examples" name="testDelete" time="2.507"/>
  <testcase classname="restassured.Put_Patch_Delete_Examples" name="testPatch" time="1.479"/>
  <testcase classname="restassured.Put_Patch_Delete_Examples" name="testPut" time="0.56"/>
</testsuite> <!-- Default test -->
