<?xml version="1.0" encoding="UTF-8"?>
<!-- Generated by org.testng.reporters.JUnitXMLReporter -->
<testsuite ignored="0" hostname="Mds-MacBook-Pro.local" failures="0" tests="12" name="API Tests" time="8.878" errors="0" timestamp="2024-09-22T22:39:47 EDT">
  <testcase classname="restassured.Get_Post_Examples" name="testGet" time="3.552"/>
  <testcase classname="restassured.Get_Post_Examples" name="testPost" time="0.547"/>
  <testcase classname="restassured.Get_Post_Examples" name="testPostUsingMap" time="0.54"/>
  <testcase classname="restassured.Example1" name="test1" time="0.378"/>
  <testcase classname="restassured.Example2" name="test2" time="0.354"/>
  <testcase classname="apitest.Rest_Api_Test" name="getUsers" time="0.305"/>
  <testcase classname="apitest.Rest_Api_Test" name="createUser" time="0.681"/>
  <testcase classname="apitest.Rest_Api_Test" name="updateUser" time="0.496"/>
  <testcase classname="apitest.Rest_Api_Test" name="deleteUser" time="0.454"/>
  <testcase classname="restassured.Put_Patch_Delete_Examples" name="testDelete" time="0.439"/>
  <testcase classname="restassured.Put_Patch_Delete_Examples" name="testPatch" time="0.512"/>
  <testcase classname="restassured.Put_Patch_Delete_Examples" name="testPut" time="0.492"/>
</testsuite> <!-- API Tests -->
