<?xml version="1.0" encoding="UTF-8"?>
<testng-results ignored="0" total="1" passed="1" failed="0" skipped="0">
  <reporter-output>
  </reporter-output>
  <suite started-at="2024-09-20T23:59:24 EDT" name="Default suite" finished-at="2024-09-21T00:00:01 EDT" duration-ms="36772">
    <groups>
    </groups>
    <test started-at="2024-09-20T23:59:24 EDT" name="Default test" finished-at="2024-09-21T00:00:01 EDT" duration-ms="36772">
      <class name="facebooklogintest.LoginTest">
        <test-method is-config="true" signature="setUp()[pri:0, instance:facebooklogintest.LoginTest@7c22d4f]" started-at="2024-09-20T23:59:24 EDT" name="setUp" finished-at="2024-09-20T23:59:43 EDT" duration-ms="19012" status="PASS">
          <reporter-output>
          </reporter-output>
        </test-method> <!-- setUp -->
        <test-method signature="testLoginWithScreenshots()[pri:0, instance:facebooklogintest.LoginTest@7c22d4f]" started-at="2024-09-20T23:59:43 EDT" name="testLoginWithScreenshots" finished-at="2024-09-21T00:00:01 EDT" duration-ms="17605" status="PASS">
          <reporter-output>
          </reporter-output>
        </test-method> <!-- testLoginWithScreenshots -->
        <test-method is-config="true" signature="tearDown()[pri:0, instance:facebooklogintest.LoginTest@7c22d4f]" started-at="2024-09-21T00:00:01 EDT" name="tearDown" finished-at="2024-09-21T00:00:01 EDT" duration-ms="111" status="PASS">
          <reporter-output>
          </reporter-output>
        </test-method> <!-- tearDown -->
      </class> <!-- facebooklogintest.LoginTest -->
    </test> <!-- Default test -->
  </suite> <!-- Default suite -->
</testng-results>
