<?xml version="1.0" encoding="UTF-8"?>
<!-- Generated by org.testng.reporters.JUnitXMLReporter -->
<testsuite ignored="0" hostname="Mds-MacBook-Pro.local" failures="0" tests="4" name="Default test" time="5.166" errors="0" timestamp="2024-09-17T00:12:34 EDT">
  <testcase classname="apitest.Rest_Api_Test" name="getUsers" time="3.403"/>
  <testcase classname="apitest.Rest_Api_Test" name="createUser" time="0.801"/>
  <testcase classname="apitest.Rest_Api_Test" name="updateUser" time="0.454"/>
  <testcase classname="apitest.Rest_Api_Test" name="deleteUser" time="0.439"/>
</testsuite> <!-- Default test -->
